Using pre-set license
Built from '2020.3/staging' branch; Version is '2020.3.32f1 (12f8b0834f07) revision 1243312'; Using compiler version '192528614'; Build Type 'Release'
OS: 'Windows 10  (10.0.19043) 64bit Professional' Language: 'pt' Physical Memory: 16326 MB
BatchMode: 1, IsHumanControllingUs: 0, StartBugReporterOnCrash: 0, Is64bit: 1, IsPro: 0

COMMAND LINE ARGUMENTS:
C:\Program Files\Unity\Hub\Editor\2020.3.32f1\Editor\Unity.exe
-adb2
-batchMode
-noUpm
-name
AssetImportWorker3
-projectPath
C:/Users/ra00297298.PUCSP/Donwloads/GitHub/LookAway
-logFile
Logs/AssetImportWorker3.log
-srvPort
57640
Successfully changed project path to: C:/Users/ra00297298.PUCSP/Donwloads/GitHub/LookAway
C:/Users/ra00297298.PUCSP/Donwloads/GitHub/LookAway
Using Asset Import Pipeline V2.
Refreshing native plugins compatible for Editor in 116.40 ms, found 2 plugins.
Preloading 0 native plugins for Editor in 0.00 ms.
Initialize engine version: 2020.3.32f1 (12f8b0834f07)
[Subsystems] Discovering subsystems at path C:/Program Files/Unity/Hub/Editor/2020.3.32f1/Editor/Data/Resources/UnitySubsystems
[Subsystems] Discovering subsystems at path C:/Users/ra00297298.PUCSP/Donwloads/GitHub/LookAway/Assets
GfxDevice: creating device client; threaded=0
Direct3D:
    Version:  Direct3D 11.0 [level 11.0]
    Renderer: NVIDIA GeForce GTX 745 (ID=0x1382)
    Vendor:   
    VRAM:     4053 MB
    Driver:   30.0.15.1179
Initialize mono
Mono path[0] = 'C:/Program Files/Unity/Hub/Editor/2020.3.32f1/Editor/Data/Managed'
Mono path[1] = 'C:/Program Files/Unity/Hub/Editor/2020.3.32f1/Editor/Data/MonoBleedingEdge/lib/mono/unityjit'
Mono config path = 'C:/Program Files/Unity/Hub/Editor/2020.3.32f1/Editor/Data/MonoBleedingEdge/etc'
Using monoOptions --debugger-agent=transport=dt_socket,embedding=1,server=y,suspend=n,address=127.0.0.1:56856
Begin MonoManager ReloadAssembly
Registering precompiled unity dll's ...
Register platform support module: C:/Program Files/Unity/Hub/Editor/2020.3.32f1/Editor/Data/PlaybackEngines/WindowsStandaloneSupport/UnityEditor.WindowsStandalone.Extensions.dll
Registered in 0.001598 seconds.
Native extension for WindowsStandalone target not found
Refreshing native plugins compatible for Editor in 109.55 ms, found 2 plugins.
Preloading 0 native plugins for Editor in 0.00 ms.
Mono: successfully reloaded assembly
- Completed reload, in  0.698 seconds
Domain Reload Profiling:
	ReloadAssembly (699ms)
		BeginReloadAssembly (69ms)
			ExecutionOrderSort (0ms)
			DisableScriptedObjects (0ms)
			BackupInstance (0ms)
			ReleaseScriptingObjects (0ms)
			CreateAndSetChildDomain (1ms)
		EndReloadAssembly (552ms)
			LoadAssemblies (68ms)
			RebuildTransferFunctionScriptingTraits (0ms)
			SetupTypeCache (168ms)
			ReleaseScriptCaches (0ms)
			RebuildScriptCaches (37ms)
			SetupLoadedEditorAssemblies (247ms)
				LogAssemblyErrors (0ms)
				InitializePlatformSupportModulesInManaged (4ms)
				SetLoadedEditorAssemblies (0ms)
				RefreshPlugins (110ms)
				BeforeProcessingInitializeOnLoad (8ms)
				ProcessInitializeOnLoadAttributes (94ms)
				ProcessInitializeOnLoadMethodAttributes (30ms)
				AfterProcessingInitializeOnLoad (0ms)
				EditorAssembliesLoaded (0ms)
			ExecutionOrderSort2 (0ms)
			AwakeInstancesAfterBackupRestoration (0ms)
Platform modules already initialized, skipping
Registering precompiled user dll's ...
Registered in 0.007507 seconds.
Begin MonoManager ReloadAssembly
Native extension for WindowsStandalone target not found
Refreshing native plugins compatible for Editor in 136.07 ms, found 2 plugins.
Preloading 0 native plugins for Editor in 0.00 ms.
Mono: successfully reloaded assembly
- Completed reload, in  4.707 seconds
Domain Reload Profiling:
	ReloadAssembly (4714ms)
		BeginReloadAssembly (153ms)
			ExecutionOrderSort (0ms)
			DisableScriptedObjects (5ms)
			BackupInstance (0ms)
			ReleaseScriptingObjects (0ms)
			CreateAndSetChildDomain (21ms)
		EndReloadAssembly (4492ms)
			LoadAssemblies (3128ms)
			RebuildTransferFunctionScriptingTraits (0ms)
			SetupTypeCache (455ms)
			ReleaseScriptCaches (1ms)
			RebuildScriptCaches (76ms)
			SetupLoadedEditorAssemblies (688ms)
				LogAssemblyErrors (0ms)
				InitializePlatformSupportModulesInManaged (5ms)
				SetLoadedEditorAssemblies (0ms)
				RefreshPlugins (136ms)
				BeforeProcessingInitializeOnLoad (122ms)
				ProcessInitializeOnLoadAttributes (310ms)
				ProcessInitializeOnLoadMethodAttributes (109ms)
				AfterProcessingInitializeOnLoad (5ms)
				EditorAssembliesLoaded (0ms)
			ExecutionOrderSort2 (0ms)
			AwakeInstancesAfterBackupRestoration (6ms)
Platform modules already initialized, skipping
========================================================================
Worker process is ready to serve import requests
Launched and connected shader compiler UnityShaderCompiler.exe after 0.05 seconds
Refreshing native plugins compatible for Editor in 2.85 ms, found 2 plugins.
Preloading 0 native plugins for Editor in 0.00 ms.
Unloading 4348 Unused Serialized files (Serialized files now loaded: 0)
System memory in use before: 206.2 MB.
System memory in use after: 206.3 MB.

Unloading 64 unused Assets to reduce memory usage. Loaded Objects now: 4758.
Total: 8.541800 ms (FindLiveObjects: 0.584300 ms CreateObjectMapping: 0.509000 ms MarkObjects: 7.238500 ms  DeleteObjects: 0.208400 ms)

AssetImportParameters requested are different than current active one (requested -> active):
  custom:framework-win-MediaFoundation: 216162199b28c13a410421893ffa2e32 -> 
  custom:video-decoder-ogg-theora: a1e56fd34408186e4bbccfd4996cb3dc -> 
  custom:container-muxer-webm: aa71ff27fc2769a1b78a27578f13a17b -> 
  custom:container-demuxer-webm: 4f35f7cbe854078d1ac9338744f61a02 -> 
  custom:container-demuxer-ogg: 62fdf1f143b41e24485cea50d1cbac27 -> 
  custom:video-encoder-webm-vp8: eb34c28f22e8b96e1ab97ce403110664 -> 
  custom:video-decoder-webm-vp8: 9c59270c3fd7afecdb556c50c9e8de78 -> 
  custom:audio-decoder-ogg-vorbis: bf7c407c2cedff20999df2af8eb42d56 -> 
  custom:audio-encoder-webm-vorbis: bf7c407c2cedff20999df2af8eb42d56 -> 
========================================================================
Received Import Request.
  path: Assets/ForwardRenderer.asset
  artifactKey: Guid(7b4901d4df68def4b868927c3ea199fe) Importer(815301076,1909f56bfc062723c751e8b465ee728b)
Start importing Assets/ForwardRenderer.asset using Guid(7b4901d4df68def4b868927c3ea199fe) Importer(815301076,1909f56bfc062723c751e8b465ee728b)  -> (artifact id: 'd264dd56f2a022f6e76b335ad6452041') in 0.039684 seconds 
========================================================================
Received Import Request.
  Time since last request: 0.000227 seconds.
  path: Assets/Scenes/Land.unity
  artifactKey: Guid(b3d4126d058fc1a47a4df48502a6a692) Importer(815301076,1909f56bfc062723c751e8b465ee728b)
Start importing Assets/Scenes/Land.unity using Guid(b3d4126d058fc1a47a4df48502a6a692) Importer(815301076,1909f56bfc062723c751e8b465ee728b)  -> (artifact id: '89db0c627815bada98003b134ae099e4') in 0.007904 seconds 
========================================================================
Received Import Request.
  Time since last request: 0.000257 seconds.
  path: Assets/LightweightRenderPipelineAsset.asset
  artifactKey: Guid(e6022151d2483234da21d9fc7bbec6a2) Importer(815301076,1909f56bfc062723c751e8b465ee728b)
Start importing Assets/LightweightRenderPipelineAsset.asset using Guid(e6022151d2483234da21d9fc7bbec6a2) Importer(815301076,1909f56bfc062723c751e8b465ee728b)  -> (artifact id: 'c889c7cd302cf6c112289db8ebe15236') in 0.008640 seconds 
========================================================================
Received Import Request.
  Time since last request: 0.000283 seconds.
  path: Assets/New Terrain.asset
  artifactKey: Guid(c641a123e23f40e48825b4291e493771) Importer(815301076,1909f56bfc062723c751e8b465ee728b)
Start importing Assets/New Terrain.asset using Guid(c641a123e23f40e48825b4291e493771) Importer(815301076,1909f56bfc062723c751e8b465ee728b) The tree single must use the Nature/Soft Occlusion shader. Otherwise billboarding/lighting will not work correctly.
The tree Plant_5 must use the Nature/Soft Occlusion shader. Otherwise billboarding/lighting will not work correctly.
The tree Plant_5 must use the Nature/Soft Occlusion shader. Otherwise billboarding/lighting will not work correctly.
The tree arvore3 couldn't be instanced because the prefab contains no valid mesh renderer.
The tree Rock_2 must use the Nature/Soft Occlusion shader. Otherwise billboarding/lighting will not work correctly.
The tree Rock_4 must use the Nature/Soft Occlusion shader. Otherwise billboarding/lighting will not work correctly.
 -> (artifact id: '94b071584a585994c66dd71e49c61baa') in 0.401746 seconds 
========================================================================
Received Import Request.
  Time since last request: 0.000237 seconds.
  path: Assets/stoneTexture.PNG
  artifactKey: Guid(6e9bde814b622c34c8d3ee7c62695f9e) Importer(815301076,1909f56bfc062723c751e8b465ee728b)
Start importing Assets/stoneTexture.PNG using Guid(6e9bde814b622c34c8d3ee7c62695f9e) Importer(815301076,1909f56bfc062723c751e8b465ee728b)  -> (artifact id: '1cd0e623a37ea2ee22e96164b8653d74') in 0.360529 seconds 
========================================================================
Received Import Request.
  Time since last request: 0.000282 seconds.
  path: Assets/textura-de-madeira-fundo-de-placas_395079-6372.jpg
  artifactKey: Guid(11c15581def68f045b5aaeae43b67ce5) Importer(815301076,1909f56bfc062723c751e8b465ee728b)
Start importing Assets/textura-de-madeira-fundo-de-placas_395079-6372.jpg using Guid(11c15581def68f045b5aaeae43b67ce5) Importer(815301076,1909f56bfc062723c751e8b465ee728b)  -> (artifact id: '8757c4d6bd5d6abab08bee4aa1452c2d') in 0.037772 seconds 
========================================================================
Received Import Request.
  Time since last request: 0.000369 seconds.
  path: Assets/HangGliderRed.fbx
  artifactKey: Guid(d0facc88550f1b540a4183d1d8cff8a3) Importer(815301076,1909f56bfc062723c751e8b465ee728b)
Start importing Assets/HangGliderRed.fbx using Guid(d0facc88550f1b540a4183d1d8cff8a3) Importer(815301076,1909f56bfc062723c751e8b465ee728b)  -> (artifact id: '843b367eee43d414fde3d83e9f7c4a10') in 1.061458 seconds 
========================================================================
Received Import Request.
  Time since last request: 0.000427 seconds.
  path: Assets/New Terrain Material.mat
  artifactKey: Guid(8a17e173b5adacf41902a83df20b718b) Importer(815301076,1909f56bfc062723c751e8b465ee728b)
Start importing Assets/New Terrain Material.mat using Guid(8a17e173b5adacf41902a83df20b718b) Importer(815301076,1909f56bfc062723c751e8b465ee728b)  -> (artifact id: '4f6d816dfdc1eda13cc9a0717238b29e') in 0.445266 seconds 
========================================================================
Received Import Request.
  Time since last request: 0.000245 seconds.
  path: Assets/RochaTexture.jpg
  artifactKey: Guid(90e541a5b93910b409ab73d6c7a9ae8d) Importer(815301076,1909f56bfc062723c751e8b465ee728b)
Start importing Assets/RochaTexture.jpg using Guid(90e541a5b93910b409ab73d6c7a9ae8d) Importer(815301076,1909f56bfc062723c751e8b465ee728b)  -> (artifact id: '24463c1721664ec6107e9c628ad705b8') in 0.054629 seconds 
========================================================================
Received Import Request.
  Time since last request: 0.000240 seconds.
  path: Assets/3D Chest Object/Treasure_Chest.prefab
  artifactKey: Guid(7bd27893068210e40b3661f0873fb35f) Importer(815301076,1909f56bfc062723c751e8b465ee728b)
Start importing Assets/3D Chest Object/Treasure_Chest.prefab using Guid(7bd27893068210e40b3661f0873fb35f) Importer(815301076,1909f56bfc062723c751e8b465ee728b)  -> (artifact id: '53c75ca588a3aa5c02597db6b1067072') in 0.336246 seconds 
========================================================================
Received Import Request.
  Time since last request: 96.022365 seconds.
  path: Assets/Scenes/Shirines
  artifactKey: Guid(94d539e6a775e5f469ef6eb2a13b72e0) Importer(815301076,1909f56bfc062723c751e8b465ee728b)
Start importing Assets/Scenes/Shirines using Guid(94d539e6a775e5f469ef6eb2a13b72e0) Importer(815301076,1909f56bfc062723c751e8b465ee728b)  -> (artifact id: '4e097f6a77dbdf27a505549881a4c761') in 0.006551 seconds 
========================================================================
Received Import Request.
  Time since last request: 4.023656 seconds.
  path: Assets/Scenes/Shirines/ShrineJoao.unity
  artifactKey: Guid(930233a3f812f9145975593404422e0d) Importer(815301076,1909f56bfc062723c751e8b465ee728b)
Start importing Assets/Scenes/Shirines/ShrineJoao.unity using Guid(930233a3f812f9145975593404422e0d) Importer(815301076,1909f56bfc062723c751e8b465ee728b)  -> (artifact id: 'b426585fe08cd62e161d3f9ebbeae9cf') in 0.008030 seconds 
========================================================================
Received Import Request.
  Time since last request: 384.525497 seconds.
  path: Assets/Scenes/IlhaBaixa.unity
  artifactKey: Guid(6977619cec33ca546a7dda59531de2ea) Importer(815301076,1909f56bfc062723c751e8b465ee728b)
Start importing Assets/Scenes/IlhaBaixa.unity using Guid(6977619cec33ca546a7dda59531de2ea) Importer(815301076,1909f56bfc062723c751e8b465ee728b)  -> (artifact id: '39ba87d6fff3ecc4a283eb16a7a5ec63') in 0.008035 seconds 
========================================================================
Received Import Request.
  Time since last request: 56.445912 seconds.
  path: Assets/Scenes/Menu.unity
  artifactKey: Guid(ebd3ca197794bb544baebe4c4709d560) Importer(815301076,1909f56bfc062723c751e8b465ee728b)
Start importing Assets/Scenes/Menu.unity using Guid(ebd3ca197794bb544baebe4c4709d560) Importer(815301076,1909f56bfc062723c751e8b465ee728b)  -> (artifact id: 'bf89814802a48ac22d795e3a1a217284') in 0.008848 seconds 
