Using pre-set license
Built from '2020.3/staging' branch; Version is '2020.3.32f1 (12f8b0834f07) revision 1243312'; Using compiler version '192528614'; Build Type 'Release'
OS: 'Windows 10  (10.0.19044) 64bit Professional' Language: 'pt' Physical Memory: 8144 MB
BatchMode: 1, IsHumanControllingUs: 0, StartBugReporterOnCrash: 0, Is64bit: 1, IsPro: 0

COMMAND LINE ARGUMENTS:
D:\Util\Unity\Editor\2020.3.32f1\Editor\Unity.exe
-adb2
-batchMode
-noUpm
-name
AssetImportWorker9
-projectPath
D:/Documentos/Jogos/PUC/2 ano/1 semestre/LookAway
-logFile
Logs/AssetImportWorker9.log
-srvPort
55903
Successfully changed project path to: D:/Documentos/Jogos/PUC/2 ano/1 semestre/LookAway
D:/Documentos/Jogos/PUC/2 ano/1 semestre/LookAway
Using Asset Import Pipeline V2.
Refreshing native plugins compatible for Editor in 153.86 ms, found 2 plugins.
Preloading 0 native plugins for Editor in 0.00 ms.
Initialize engine version: 2020.3.32f1 (12f8b0834f07)
[Subsystems] Discovering subsystems at path D:/Util/Unity/Editor/2020.3.32f1/Editor/Data/Resources/UnitySubsystems
[Subsystems] Discovering subsystems at path D:/Documentos/Jogos/PUC/2 ano/1 semestre/LookAway/Assets
GfxDevice: creating device client; threaded=0
Direct3D:
    Version:  Direct3D 11.0 [level 11.1]
    Renderer: NVIDIA GeForce GTX 1050 (ID=0x1c81)
    Vendor:   
    VRAM:     1977 MB
    Driver:   30.0.15.1215
Initialize mono
Mono path[0] = 'D:/Util/Unity/Editor/2020.3.32f1/Editor/Data/Managed'
Mono path[1] = 'D:/Util/Unity/Editor/2020.3.32f1/Editor/Data/MonoBleedingEdge/lib/mono/unityjit'
Mono config path = 'D:/Util/Unity/Editor/2020.3.32f1/Editor/Data/MonoBleedingEdge/etc'
Using monoOptions --debugger-agent=transport=dt_socket,embedding=1,server=y,suspend=n,address=127.0.0.1:56888
Begin MonoManager ReloadAssembly
Registering precompiled unity dll's ...
Register platform support module: D:/Util/Unity/Editor/2020.3.32f1/Editor/Data/PlaybackEngines/WindowsStandaloneSupport/UnityEditor.WindowsStandalone.Extensions.dll
Registered in 0.002959 seconds.
Native extension for WindowsStandalone target not found
Refreshing native plugins compatible for Editor in 155.99 ms, found 2 plugins.
Preloading 0 native plugins for Editor in 0.00 ms.
Mono: successfully reloaded assembly
- Completed reload, in  1.066 seconds
Domain Reload Profiling:
	ReloadAssembly (1066ms)
		BeginReloadAssembly (122ms)
			ExecutionOrderSort (0ms)
			DisableScriptedObjects (0ms)
			BackupInstance (0ms)
			ReleaseScriptingObjects (0ms)
			CreateAndSetChildDomain (1ms)
		EndReloadAssembly (856ms)
			LoadAssemblies (121ms)
			RebuildTransferFunctionScriptingTraits (0ms)
			SetupTypeCache (291ms)
			ReleaseScriptCaches (0ms)
			RebuildScriptCaches (42ms)
			SetupLoadedEditorAssemblies (362ms)
				LogAssemblyErrors (0ms)
				InitializePlatformSupportModulesInManaged (6ms)
				SetLoadedEditorAssemblies (0ms)
				RefreshPlugins (156ms)
				BeforeProcessingInitializeOnLoad (21ms)
				ProcessInitializeOnLoadAttributes (125ms)
				ProcessInitializeOnLoadMethodAttributes (54ms)
				AfterProcessingInitializeOnLoad (0ms)
				EditorAssembliesLoaded (0ms)
			ExecutionOrderSort2 (0ms)
			AwakeInstancesAfterBackupRestoration (0ms)
Platform modules already initialized, skipping
Registering precompiled user dll's ...
Registered in 0.019995 seconds.
Begin MonoManager ReloadAssembly
Native extension for WindowsStandalone target not found
Refreshing native plugins compatible for Editor in 187.09 ms, found 2 plugins.
Preloading 0 native plugins for Editor in 0.00 ms.
Mono: successfully reloaded assembly
- Completed reload, in  6.890 seconds
Domain Reload Profiling:
	ReloadAssembly (6910ms)
		BeginReloadAssembly (277ms)
			ExecutionOrderSort (0ms)
			DisableScriptedObjects (6ms)
			BackupInstance (0ms)
			ReleaseScriptingObjects (0ms)
			CreateAndSetChildDomain (68ms)
		EndReloadAssembly (6490ms)
			LoadAssemblies (4431ms)
			RebuildTransferFunctionScriptingTraits (0ms)
			SetupTypeCache (751ms)
			ReleaseScriptCaches (1ms)
			RebuildScriptCaches (76ms)
			SetupLoadedEditorAssemblies (1095ms)
				LogAssemblyErrors (0ms)
				InitializePlatformSupportModulesInManaged (5ms)
				SetLoadedEditorAssemblies (0ms)
				RefreshPlugins (187ms)
				BeforeProcessingInitializeOnLoad (181ms)
				ProcessInitializeOnLoadAttributes (564ms)
				ProcessInitializeOnLoadMethodAttributes (154ms)
				AfterProcessingInitializeOnLoad (3ms)
				EditorAssembliesLoaded (0ms)
			ExecutionOrderSort2 (0ms)
			AwakeInstancesAfterBackupRestoration (9ms)
Platform modules already initialized, skipping
========================================================================
Worker process is ready to serve import requests
Launched and connected shader compiler UnityShaderCompiler.exe after 0.50 seconds
Refreshing native plugins compatible for Editor in 1.41 ms, found 2 plugins.
Preloading 0 native plugins for Editor in 0.00 ms.
Unloading 4330 Unused Serialized files (Serialized files now loaded: 0)
System memory in use before: 205.6 MB.
System memory in use after: 205.7 MB.

Unloading 64 unused Assets to reduce memory usage. Loaded Objects now: 4739.
Total: 8.670200 ms (FindLiveObjects: 0.338000 ms CreateObjectMapping: 0.237000 ms MarkObjects: 7.839600 ms  DeleteObjects: 0.253800 ms)

AssetImportParameters requested are different than current active one (requested -> active):
  custom:framework-win-MediaFoundation: 216162199b28c13a410421893ffa2e32 -> 
  custom:video-decoder-ogg-theora: a1e56fd34408186e4bbccfd4996cb3dc -> 
  custom:container-muxer-webm: aa71ff27fc2769a1b78a27578f13a17b -> 
  custom:container-demuxer-webm: 4f35f7cbe854078d1ac9338744f61a02 -> 
  custom:container-demuxer-ogg: 62fdf1f143b41e24485cea50d1cbac27 -> 
  custom:video-encoder-webm-vp8: eb34c28f22e8b96e1ab97ce403110664 -> 
  custom:video-codec-MediaFoundation-h265: 746d11721c4dcdbdad8f713fa42b33f4 -> 
  custom:video-decoder-webm-vp8: 9c59270c3fd7afecdb556c50c9e8de78 -> 
  custom:audio-decoder-ogg-vorbis: bf7c407c2cedff20999df2af8eb42d56 -> 
  custom:audio-encoder-webm-vorbis: bf7c407c2cedff20999df2af8eb42d56 -> 
========================================================================
Received Import Request.
  path: Assets/Scenes/Shirines/Shrine01.unity
  artifactKey: Guid(626ee094935379e43a55611ffc857828) Importer(815301076,1909f56bfc062723c751e8b465ee728b)
Start importing Assets/Scenes/Shirines/Shrine01.unity using Guid(626ee094935379e43a55611ffc857828) Importer(815301076,1909f56bfc062723c751e8b465ee728b)  -> (artifact id: '42437018c8f17960f7851724e448bea3') in 0.069221 seconds 
========================================================================
Received Import Request.
  Time since last request: 0.000434 seconds.
  path: Assets/Scenes/Shirines/ShrineGenius.unity
  artifactKey: Guid(5b927c6491f7d7346b4ded4062a2179c) Importer(815301076,1909f56bfc062723c751e8b465ee728b)
Start importing Assets/Scenes/Shirines/ShrineGenius.unity using Guid(5b927c6491f7d7346b4ded4062a2179c) Importer(815301076,1909f56bfc062723c751e8b465ee728b)  -> (artifact id: '10b71d5ec12c9f78c7c60e0ffe231563') in 0.016314 seconds 
========================================================================
Received Import Request.
  Time since last request: 23.403188 seconds.
  path: Assets/Scenes/Land.unity
  artifactKey: Guid(b3d4126d058fc1a47a4df48502a6a692) Importer(815301076,1909f56bfc062723c751e8b465ee728b)
Start importing Assets/Scenes/Land.unity using Guid(b3d4126d058fc1a47a4df48502a6a692) Importer(815301076,1909f56bfc062723c751e8b465ee728b)  -> (artifact id: '3b1d5c38648abe3988985f3975df510a') in 0.003550 seconds 
========================================================================
Received Import Request.
  Time since last request: 35.550328 seconds.
  path: Assets/Scenes/Shirines/ShrineGenius.unity
  artifactKey: Guid(5b927c6491f7d7346b4ded4062a2179c) Importer(815301076,1909f56bfc062723c751e8b465ee728b)
Start importing Assets/Scenes/Shirines/ShrineGenius.unity using Guid(5b927c6491f7d7346b4ded4062a2179c) Importer(815301076,1909f56bfc062723c751e8b465ee728b)  -> (artifact id: 'efc57d81e4f2690af7756a689ca6eb55') in 0.002429 seconds 
========================================================================
Received Import Request.
  Time since last request: 14.228309 seconds.
  path: Assets/Scenes/Shirines/Shrine01.unity
  artifactKey: Guid(626ee094935379e43a55611ffc857828) Importer(815301076,1909f56bfc062723c751e8b465ee728b)
Start importing Assets/Scenes/Shirines/Shrine01.unity using Guid(626ee094935379e43a55611ffc857828) Importer(815301076,1909f56bfc062723c751e8b465ee728b)  -> (artifact id: '9f02d060f02e6bc955482967b8036139') in 0.002938 seconds 
========================================================================
Received Import Request.
  Time since last request: 7.453779 seconds.
  path: Assets/Scenes/Shirines/ShrineGenius.unity
  artifactKey: Guid(5b927c6491f7d7346b4ded4062a2179c) Importer(815301076,1909f56bfc062723c751e8b465ee728b)
Start importing Assets/Scenes/Shirines/ShrineGenius.unity using Guid(5b927c6491f7d7346b4ded4062a2179c) Importer(815301076,1909f56bfc062723c751e8b465ee728b)  -> (artifact id: '1be3c3085b9c8f4aa3976ade095e18ef') in 0.003186 seconds 
========================================================================
Received Prepare
Registering precompiled user dll's ...
Registered in 0.025642 seconds.
Begin MonoManager ReloadAssembly
Native extension for WindowsStandalone target not found
Refreshing native plugins compatible for Editor in 1.45 ms, found 2 plugins.
Preloading 0 native plugins for Editor in 0.00 ms.
Mono: successfully reloaded assembly
- Completed reload, in  1.757 seconds
Domain Reload Profiling:
	ReloadAssembly (1757ms)
		BeginReloadAssembly (266ms)
			ExecutionOrderSort (0ms)
			DisableScriptedObjects (10ms)
			BackupInstance (0ms)
			ReleaseScriptingObjects (0ms)
			CreateAndSetChildDomain (85ms)
		EndReloadAssembly (1420ms)
			LoadAssemblies (220ms)
			RebuildTransferFunctionScriptingTraits (0ms)
			SetupTypeCache (513ms)
			ReleaseScriptCaches (1ms)
			RebuildScriptCaches (60ms)
			SetupLoadedEditorAssemblies (494ms)
				LogAssemblyErrors (0ms)
				InitializePlatformSupportModulesInManaged (5ms)
				SetLoadedEditorAssemblies (1ms)
				RefreshPlugins (2ms)
				BeforeProcessingInitializeOnLoad (136ms)
				ProcessInitializeOnLoadAttributes (266ms)
				ProcessInitializeOnLoadMethodAttributes (82ms)
				AfterProcessingInitializeOnLoad (3ms)
				EditorAssembliesLoaded (0ms)
			ExecutionOrderSort2 (0ms)
			AwakeInstancesAfterBackupRestoration (11ms)
Platform modules already initialized, skipping
Refreshing native plugins compatible for Editor in 2.02 ms, found 2 plugins.
Preloading 0 native plugins for Editor in 0.00 ms.
Unloading 4095 Unused Serialized files (Serialized files now loaded: 0)
System memory in use before: 185.9 MB.
System memory in use after: 186.0 MB.

Unloading 55 unused Assets to reduce memory usage. Loaded Objects now: 4742.
Total: 11.275300 ms (FindLiveObjects: 0.602600 ms CreateObjectMapping: 1.045000 ms MarkObjects: 9.449000 ms  DeleteObjects: 0.176900 ms)

AssetImportParameters requested are different than current active one (requested -> active):
  custom:framework-win-MediaFoundation: 216162199b28c13a410421893ffa2e32 -> 
  custom:video-decoder-ogg-theora: a1e56fd34408186e4bbccfd4996cb3dc -> 
  custom:container-muxer-webm: aa71ff27fc2769a1b78a27578f13a17b -> 
  custom:container-demuxer-webm: 4f35f7cbe854078d1ac9338744f61a02 -> 
  custom:container-demuxer-ogg: 62fdf1f143b41e24485cea50d1cbac27 -> 
  custom:video-encoder-webm-vp8: eb34c28f22e8b96e1ab97ce403110664 -> 
  custom:video-codec-MediaFoundation-h265: 746d11721c4dcdbdad8f713fa42b33f4 -> 
  custom:video-decoder-webm-vp8: 9c59270c3fd7afecdb556c50c9e8de78 -> 
  custom:audio-decoder-ogg-vorbis: bf7c407c2cedff20999df2af8eb42d56 -> 
  custom:audio-encoder-webm-vorbis: bf7c407c2cedff20999df2af8eb42d56 -> 
========================================================================
Received Prepare
Registering precompiled user dll's ...
Registered in 0.018521 seconds.
Begin MonoManager ReloadAssembly
Native extension for WindowsStandalone target not found
Refreshing native plugins compatible for Editor in 1.32 ms, found 2 plugins.
Preloading 0 native plugins for Editor in 0.00 ms.
Mono: successfully reloaded assembly
- Completed reload, in  2.454 seconds
Domain Reload Profiling:
	ReloadAssembly (2455ms)
		BeginReloadAssembly (290ms)
			ExecutionOrderSort (0ms)
			DisableScriptedObjects (16ms)
			BackupInstance (0ms)
			ReleaseScriptingObjects (0ms)
			CreateAndSetChildDomain (74ms)
		EndReloadAssembly (2042ms)
			LoadAssemblies (341ms)
			RebuildTransferFunctionScriptingTraits (0ms)
			SetupTypeCache (727ms)
			ReleaseScriptCaches (5ms)
			RebuildScriptCaches (102ms)
			SetupLoadedEditorAssemblies (729ms)
				LogAssemblyErrors (0ms)
				InitializePlatformSupportModulesInManaged (8ms)
				SetLoadedEditorAssemblies (1ms)
				RefreshPlugins (1ms)
				BeforeProcessingInitializeOnLoad (183ms)
				ProcessInitializeOnLoadAttributes (405ms)
				ProcessInitializeOnLoadMethodAttributes (126ms)
				AfterProcessingInitializeOnLoad (4ms)
				EditorAssembliesLoaded (1ms)
			ExecutionOrderSort2 (0ms)
			AwakeInstancesAfterBackupRestoration (15ms)
Platform modules already initialized, skipping
Refreshing native plugins compatible for Editor in 1.68 ms, found 2 plugins.
Preloading 0 native plugins for Editor in 0.00 ms.
Unloading 4095 Unused Serialized files (Serialized files now loaded: 0)
System memory in use before: 186.0 MB.
System memory in use after: 186.1 MB.

Unloading 55 unused Assets to reduce memory usage. Loaded Objects now: 4745.
Total: 32.128700 ms (FindLiveObjects: 1.310700 ms CreateObjectMapping: 0.901100 ms MarkObjects: 29.748800 ms  DeleteObjects: 0.166300 ms)

AssetImportParameters requested are different than current active one (requested -> active):
  custom:framework-win-MediaFoundation: 216162199b28c13a410421893ffa2e32 -> 
  custom:video-decoder-ogg-theora: a1e56fd34408186e4bbccfd4996cb3dc -> 
  custom:container-muxer-webm: aa71ff27fc2769a1b78a27578f13a17b -> 
  custom:container-demuxer-webm: 4f35f7cbe854078d1ac9338744f61a02 -> 
  custom:container-demuxer-ogg: 62fdf1f143b41e24485cea50d1cbac27 -> 
  custom:video-encoder-webm-vp8: eb34c28f22e8b96e1ab97ce403110664 -> 
  custom:video-codec-MediaFoundation-h265: 746d11721c4dcdbdad8f713fa42b33f4 -> 
  custom:video-decoder-webm-vp8: 9c59270c3fd7afecdb556c50c9e8de78 -> 
  custom:audio-decoder-ogg-vorbis: bf7c407c2cedff20999df2af8eb42d56 -> 
  custom:audio-encoder-webm-vorbis: bf7c407c2cedff20999df2af8eb42d56 -> 
========================================================================
Received Import Request.
  Time since last request: 407.368639 seconds.
  path: Assets/Scenes/Shirines/Shrine_PedroLopes
  artifactKey: Guid(87462d14bb7b04d4283b23e8eb702f4b) Importer(815301076,1909f56bfc062723c751e8b465ee728b)
Start importing Assets/Scenes/Shirines/Shrine_PedroLopes using Guid(87462d14bb7b04d4283b23e8eb702f4b) Importer(815301076,1909f56bfc062723c751e8b465ee728b)  -> (artifact id: 'ccd60e4c9c8c99c4057dd80547e8e4f5') in 0.028540 seconds 
========================================================================
Received Import Request.
  Time since last request: 0.669917 seconds.
  path: Assets/Scenes/Shirines/Shrine_GabrielLeite
  artifactKey: Guid(30fa37e721a9261499563f901b39ad5a) Importer(815301076,1909f56bfc062723c751e8b465ee728b)
Start importing Assets/Scenes/Shirines/Shrine_GabrielLeite using Guid(30fa37e721a9261499563f901b39ad5a) Importer(815301076,1909f56bfc062723c751e8b465ee728b)  -> (artifact id: '23b8c0cbe7978ec02c736ed5aeefe07d') in 0.008228 seconds 
========================================================================
Received Import Request.
  Time since last request: 2.759767 seconds.
  path: Assets/Scenes/Shirines/Shrine01_Profiles
  artifactKey: Guid(3b90c326276868b4296572a00ab8809f) Importer(815301076,1909f56bfc062723c751e8b465ee728b)
Start importing Assets/Scenes/Shirines/Shrine01_Profiles using Guid(3b90c326276868b4296572a00ab8809f) Importer(815301076,1909f56bfc062723c751e8b465ee728b)  -> (artifact id: '03c9403e7fdc52d8ec45a19de8a136ef') in 0.017472 seconds 
========================================================================
Received Import Request.
  Time since last request: 2.921182 seconds.
  path: Assets/Scenes/Shirines/Shrine01Settings.lighting
  artifactKey: Guid(c26a4e3bab7a358438a569fd55a2e53b) Importer(815301076,1909f56bfc062723c751e8b465ee728b)
Start importing Assets/Scenes/Shirines/Shrine01Settings.lighting using Guid(c26a4e3bab7a358438a569fd55a2e53b) Importer(815301076,1909f56bfc062723c751e8b465ee728b)  -> (artifact id: '5d27ae84e82c3f94e2a1eb1df3911d17') in 0.103777 seconds 
========================================================================
Received Import Request.
  Time since last request: 0.486073 seconds.
  path: Assets/Scenes/Shirines/Shrine_MichaelDouglas.unity
  artifactKey: Guid(1413d36b4e3dec3408bf2196953733d2) Importer(815301076,1909f56bfc062723c751e8b465ee728b)
Start importing Assets/Scenes/Shirines/Shrine_MichaelDouglas.unity using Guid(1413d36b4e3dec3408bf2196953733d2) Importer(815301076,1909f56bfc062723c751e8b465ee728b)  -> (artifact id: '6addb4264391d7cba8111a99b1331137') in 0.004917 seconds 
========================================================================
Received Import Request.
  Time since last request: 1.241267 seconds.
  path: Assets/Scenes/Shirines/ShrineDouglas.unity
  artifactKey: Guid(acece1fb02cce1e4aa48e3b71067ae0b) Importer(815301076,1909f56bfc062723c751e8b465ee728b)
Start importing Assets/Scenes/Shirines/ShrineDouglas.unity using Guid(acece1fb02cce1e4aa48e3b71067ae0b) Importer(815301076,1909f56bfc062723c751e8b465ee728b)  -> (artifact id: '4c8559d2207acb47f8180ca6fa4eabe1') in 0.005003 seconds 
========================================================================
Received Prepare
Registering precompiled user dll's ...
Registered in 0.010899 seconds.
Begin MonoManager ReloadAssembly
Native extension for WindowsStandalone target not found
Refreshing native plugins compatible for Editor in 1.26 ms, found 2 plugins.
Preloading 0 native plugins for Editor in 0.00 ms.
Mono: successfully reloaded assembly
- Completed reload, in  1.488 seconds
Domain Reload Profiling:
	ReloadAssembly (1489ms)
		BeginReloadAssembly (189ms)
			ExecutionOrderSort (0ms)
			DisableScriptedObjects (7ms)
			BackupInstance (0ms)
			ReleaseScriptingObjects (0ms)
			CreateAndSetChildDomain (49ms)
		EndReloadAssembly (1231ms)
			LoadAssemblies (205ms)
			RebuildTransferFunctionScriptingTraits (0ms)
			SetupTypeCache (425ms)
			ReleaseScriptCaches (2ms)
			RebuildScriptCaches (57ms)
			SetupLoadedEditorAssemblies (457ms)
				LogAssemblyErrors (0ms)
				InitializePlatformSupportModulesInManaged (4ms)
				SetLoadedEditorAssemblies (1ms)
				RefreshPlugins (1ms)
				BeforeProcessingInitializeOnLoad (117ms)
				ProcessInitializeOnLoadAttributes (253ms)
				ProcessInitializeOnLoadMethodAttributes (77ms)
				AfterProcessingInitializeOnLoad (3ms)
				EditorAssembliesLoaded (1ms)
			ExecutionOrderSort2 (0ms)
			AwakeInstancesAfterBackupRestoration (12ms)
Platform modules already initialized, skipping
Refreshing native plugins compatible for Editor in 1.21 ms, found 2 plugins.
Preloading 0 native plugins for Editor in 0.00 ms.
Unloading 4095 Unused Serialized files (Serialized files now loaded: 0)
System memory in use before: 186.0 MB.
System memory in use after: 186.2 MB.

Unloading 55 unused Assets to reduce memory usage. Loaded Objects now: 4748.
Total: 8.403600 ms (FindLiveObjects: 0.303800 ms CreateObjectMapping: 0.233000 ms MarkObjects: 7.567900 ms  DeleteObjects: 0.297600 ms)

AssetImportParameters requested are different than current active one (requested -> active):
  custom:framework-win-MediaFoundation: 216162199b28c13a410421893ffa2e32 -> 
  custom:video-decoder-ogg-theora: a1e56fd34408186e4bbccfd4996cb3dc -> 
  custom:container-muxer-webm: aa71ff27fc2769a1b78a27578f13a17b -> 
  custom:container-demuxer-webm: 4f35f7cbe854078d1ac9338744f61a02 -> 
  custom:container-demuxer-ogg: 62fdf1f143b41e24485cea50d1cbac27 -> 
  custom:video-encoder-webm-vp8: eb34c28f22e8b96e1ab97ce403110664 -> 
  custom:video-codec-MediaFoundation-h265: 746d11721c4dcdbdad8f713fa42b33f4 -> 
  custom:video-decoder-webm-vp8: 9c59270c3fd7afecdb556c50c9e8de78 -> 
  custom:audio-decoder-ogg-vorbis: bf7c407c2cedff20999df2af8eb42d56 -> 
  custom:audio-encoder-webm-vorbis: bf7c407c2cedff20999df2af8eb42d56 -> 
========================================================================
Received Prepare
Registering precompiled user dll's ...
Registered in 0.011012 seconds.
Begin MonoManager ReloadAssembly
Native extension for WindowsStandalone target not found
Refreshing native plugins compatible for Editor in 1.22 ms, found 2 plugins.
Preloading 0 native plugins for Editor in 0.00 ms.
Mono: successfully reloaded assembly
- Completed reload, in  1.509 seconds
Domain Reload Profiling:
	ReloadAssembly (1510ms)
		BeginReloadAssembly (191ms)
			ExecutionOrderSort (0ms)
			DisableScriptedObjects (7ms)
			BackupInstance (0ms)
			ReleaseScriptingObjects (0ms)
			CreateAndSetChildDomain (46ms)
		EndReloadAssembly (1250ms)
			LoadAssemblies (210ms)
			RebuildTransferFunctionScriptingTraits (0ms)
			SetupTypeCache (428ms)
			ReleaseScriptCaches (2ms)
			RebuildScriptCaches (56ms)
			SetupLoadedEditorAssemblies (469ms)
				LogAssemblyErrors (0ms)
				InitializePlatformSupportModulesInManaged (4ms)
				SetLoadedEditorAssemblies (1ms)
				RefreshPlugins (1ms)
				BeforeProcessingInitializeOnLoad (119ms)
				ProcessInitializeOnLoadAttributes (264ms)
				ProcessInitializeOnLoadMethodAttributes (76ms)
				AfterProcessingInitializeOnLoad (3ms)
				EditorAssembliesLoaded (0ms)
			ExecutionOrderSort2 (0ms)
			AwakeInstancesAfterBackupRestoration (12ms)
Platform modules already initialized, skipping
Refreshing native plugins compatible for Editor in 1.75 ms, found 2 plugins.
Preloading 0 native plugins for Editor in 0.00 ms.
Unloading 4095 Unused Serialized files (Serialized files now loaded: 0)
System memory in use before: 186.0 MB.
System memory in use after: 186.2 MB.

Unloading 55 unused Assets to reduce memory usage. Loaded Objects now: 4751.
Total: 20.454500 ms (FindLiveObjects: 0.585900 ms CreateObjectMapping: 1.371100 ms MarkObjects: 18.292000 ms  DeleteObjects: 0.202700 ms)

AssetImportParameters requested are different than current active one (requested -> active):
  custom:framework-win-MediaFoundation: 216162199b28c13a410421893ffa2e32 -> 
  custom:video-decoder-ogg-theora: a1e56fd34408186e4bbccfd4996cb3dc -> 
  custom:container-muxer-webm: aa71ff27fc2769a1b78a27578f13a17b -> 
  custom:container-demuxer-webm: 4f35f7cbe854078d1ac9338744f61a02 -> 
  custom:container-demuxer-ogg: 62fdf1f143b41e24485cea50d1cbac27 -> 
  custom:video-encoder-webm-vp8: eb34c28f22e8b96e1ab97ce403110664 -> 
  custom:video-codec-MediaFoundation-h265: 746d11721c4dcdbdad8f713fa42b33f4 -> 
  custom:video-decoder-webm-vp8: 9c59270c3fd7afecdb556c50c9e8de78 -> 
  custom:audio-decoder-ogg-vorbis: bf7c407c2cedff20999df2af8eb42d56 -> 
  custom:audio-encoder-webm-vorbis: bf7c407c2cedff20999df2af8eb42d56 -> 
========================================================================
Received Import Request.
  Time since last request: 813.687226 seconds.
  path: Assets/Textures/black-hole-spirals-circles-1983154 1.jpg
  artifactKey: Guid(3c21c49927c63f44a82495e61dbaba6b) Importer(815301076,1909f56bfc062723c751e8b465ee728b)
Start importing Assets/Textures/black-hole-spirals-circles-1983154 1.jpg using Guid(3c21c49927c63f44a82495e61dbaba6b) Importer(815301076,1909f56bfc062723c751e8b465ee728b)  -> (artifact id: '40e6627a26e2c009ca3e9514cb36621e') in 0.537970 seconds 
========================================================================
Received Import Request.
  Time since last request: 0.000438 seconds.
  path: Assets/Textures/NewLayer.terrainlayer
  artifactKey: Guid(0aeeb93e8909f4b4094fae5e07d00cd5) Importer(815301076,1909f56bfc062723c751e8b465ee728b)
Start importing Assets/Textures/NewLayer.terrainlayer using Guid(0aeeb93e8909f4b4094fae5e07d00cd5) Importer(815301076,1909f56bfc062723c751e8b465ee728b)  -> (artifact id: 'b9da50cd7482b2aa26072dcc43b53acb') in 0.058883 seconds 
========================================================================
Received Import Request.
  Time since last request: 0.000467 seconds.
  path: Assets/Textures/wm_spruce_den_mask.jpg
  artifactKey: Guid(f9a66eb8eb804c44399ea834f2b0a7d9) Importer(815301076,1909f56bfc062723c751e8b465ee728b)
Start importing Assets/Textures/wm_spruce_den_mask.jpg using Guid(f9a66eb8eb804c44399ea834f2b0a7d9) Importer(815301076,1909f56bfc062723c751e8b465ee728b)  -> (artifact id: 'b6592000f047dad75f0e4533752cb3da') in 0.024561 seconds 
========================================================================
Received Import Request.
  Time since last request: 0.000391 seconds.
  path: Assets/Textures/dcatyft-3d286c66-03cc-448e-b8d8-a4f0a3a2fc26.png
  artifactKey: Guid(7cab2309b1843484b86c24d47d2c30e2) Importer(815301076,1909f56bfc062723c751e8b465ee728b)
Start importing Assets/Textures/dcatyft-3d286c66-03cc-448e-b8d8-a4f0a3a2fc26.png using Guid(7cab2309b1843484b86c24d47d2c30e2) Importer(815301076,1909f56bfc062723c751e8b465ee728b)  -> (artifact id: '60232f279b7d72ff1df8be53805a74fc') in 0.020125 seconds 
========================================================================
Received Import Request.
  Time since last request: 0.000456 seconds.
  path: Assets/Textures/SrineTex02.mat
  artifactKey: Guid(5dcdaec7befa76b45a022042bde40bb3) Importer(815301076,1909f56bfc062723c751e8b465ee728b)
Start importing Assets/Textures/SrineTex02.mat using Guid(5dcdaec7befa76b45a022042bde40bb3) Importer(815301076,1909f56bfc062723c751e8b465ee728b)  -> (artifact id: 'd7767dd82b552519a0b448058b6efbcf') in 0.547359 seconds 
========================================================================
Received Import Request.
  Time since last request: 0.000454 seconds.
  path: Assets/Textures/weather-clouds-3d-templates.png
  artifactKey: Guid(83252f68a78a67245b1d8d124f3dbef6) Importer(815301076,1909f56bfc062723c751e8b465ee728b)
Start importing Assets/Textures/weather-clouds-3d-templates.png using Guid(83252f68a78a67245b1d8d124f3dbef6) Importer(815301076,1909f56bfc062723c751e8b465ee728b)  -> (artifact id: '1f9bb0f60b8b27cd872adde892c18d0d') in 0.021954 seconds 
========================================================================
Received Import Request.
  Time since last request: 0.000393 seconds.
  path: Assets/Textures/black-hole-spirals-circles-1983155.jpg
  artifactKey: Guid(b2888b2010425c2409aae57bd5a59d7c) Importer(815301076,1909f56bfc062723c751e8b465ee728b)
Start importing Assets/Textures/black-hole-spirals-circles-1983155.jpg using Guid(b2888b2010425c2409aae57bd5a59d7c) Importer(815301076,1909f56bfc062723c751e8b465ee728b)  -> (artifact id: '3d1fa925b0eb9dc9d19ba23e96e9389c') in 0.041556 seconds 
========================================================================
Received Import Request.
  Time since last request: 0.000348 seconds.
  path: Assets/Textures/DirtyLensFlare.png
  artifactKey: Guid(d19849d0639712d4c9fc579a097e5028) Importer(815301076,1909f56bfc062723c751e8b465ee728b)
Start importing Assets/Textures/DirtyLensFlare.png using Guid(d19849d0639712d4c9fc579a097e5028) Importer(815301076,1909f56bfc062723c751e8b465ee728b)  -> (artifact id: '739e6162ceec95685422097ebb4a311e') in 0.048867 seconds 
========================================================================
Received Import Request.
  Time since last request: 0.000411 seconds.
  path: Assets/Textures/SrineTex03.mat
  artifactKey: Guid(835e1507764403f4781cdc2ff61f9cd7) Importer(815301076,1909f56bfc062723c751e8b465ee728b)
Start importing Assets/Textures/SrineTex03.mat using Guid(835e1507764403f4781cdc2ff61f9cd7) Importer(815301076,1909f56bfc062723c751e8b465ee728b)  -> (artifact id: 'a0615e3829848af411ffc8453edc9a2d') in 0.060538 seconds 
========================================================================
Received Import Request.
  Time since last request: 0.000749 seconds.
  path: Assets/Textures/SrineTex01.mat
  artifactKey: Guid(3a355d85519e32140bbb0a1cb3641480) Importer(815301076,1909f56bfc062723c751e8b465ee728b)
Start importing Assets/Textures/SrineTex01.mat using Guid(3a355d85519e32140bbb0a1cb3641480) Importer(815301076,1909f56bfc062723c751e8b465ee728b)  -> (artifact id: 'a68ecc3c71f508571c99fb78a372a412') in 0.023209 seconds 
========================================================================
Received Import Request.
  Time since last request: 0.000424 seconds.
  path: Assets/Textures/computer-generated-black-golden-ratio-dot-pattern-22280857.jpg
  artifactKey: Guid(87331e6f89254b44a8dd4496b3e7025f) Importer(815301076,1909f56bfc062723c751e8b465ee728b)
Start importing Assets/Textures/computer-generated-black-golden-ratio-dot-pattern-22280857.jpg using Guid(87331e6f89254b44a8dd4496b3e7025f) Importer(815301076,1909f56bfc062723c751e8b465ee728b)  -> (artifact id: 'ace5b2adc2aa9ed723a7b4f6c414bfd5') in 0.018615 seconds 
========================================================================
Received Import Request.
  Time since last request: 0.000344 seconds.
  path: Assets/Textures/BlueNoiseTexture_Texture2DArray.asset
  artifactKey: Guid(518b8337a0340444aa49dd0780efa9c2) Importer(815301076,1909f56bfc062723c751e8b465ee728b)
Start importing Assets/Textures/BlueNoiseTexture_Texture2DArray.asset using Guid(518b8337a0340444aa49dd0780efa9c2) Importer(815301076,1909f56bfc062723c751e8b465ee728b)  -> (artifact id: '34f3c070b8490256668d73f7e12adb7c') in 0.090506 seconds 
========================================================================
Received Import Request.
  Time since last request: 0.000350 seconds.
  path: Assets/Textures/black-hole-spirals-circles-1983154.jpg
  artifactKey: Guid(c69122bd7b5dc2b4f84796ec286525b5) Importer(815301076,1909f56bfc062723c751e8b465ee728b)
Start importing Assets/Textures/black-hole-spirals-circles-1983154.jpg using Guid(c69122bd7b5dc2b4f84796ec286525b5) Importer(815301076,1909f56bfc062723c751e8b465ee728b)  -> (artifact id: 'd9a185a85b9e26fa60e6ecb002bdee1f') in 0.082936 seconds 
========================================================================
Received Import Request.
  Time since last request: 2.962082 seconds.
  path: Assets/Mods/loading-30.png
  artifactKey: Guid(384fd8d77a5bf27488f8ec0dd640b83d) Importer(815301076,1909f56bfc062723c751e8b465ee728b)
Start importing Assets/Mods/loading-30.png using Guid(384fd8d77a5bf27488f8ec0dd640b83d) Importer(815301076,1909f56bfc062723c751e8b465ee728b)  -> (artifact id: '83f305417f277e63df761d0d1a8b8d5c') in 0.059581 seconds 
========================================================================
Received Import Request.
  Time since last request: 0.000500 seconds.
  path: Assets/Mods/MinimapaTexture.renderTexture
  artifactKey: Guid(b484873e4a9f38e4fb2595787166ccdb) Importer(815301076,1909f56bfc062723c751e8b465ee728b)
Start importing Assets/Mods/MinimapaTexture.renderTexture using Guid(b484873e4a9f38e4fb2595787166ccdb) Importer(815301076,1909f56bfc062723c751e8b465ee728b)  -> (artifact id: '132ac3db7f86d17874b2779688883885') in 0.052785 seconds 
========================================================================
Received Import Request.
  Time since last request: 1.181062 seconds.
  path: Assets/Mods/Texturas
  artifactKey: Guid(025eca883a1bd8b49b0328b0afa499f2) Importer(815301076,1909f56bfc062723c751e8b465ee728b)
Start importing Assets/Mods/Texturas using Guid(025eca883a1bd8b49b0328b0afa499f2) Importer(815301076,1909f56bfc062723c751e8b465ee728b)  -> (artifact id: '428b167d53aa85172aeb08f0ce095a7a') in 0.004460 seconds 
========================================================================
Received Import Request.
  Time since last request: 0.268610 seconds.
  path: Assets/Mods/Texturas/NewLayer.terrainlayer
  artifactKey: Guid(b2cf308b76578322b81508c1b17ac01f) Importer(815301076,1909f56bfc062723c751e8b465ee728b)
Start importing Assets/Mods/Texturas/NewLayer.terrainlayer using Guid(b2cf308b76578322b81508c1b17ac01f) Importer(815301076,1909f56bfc062723c751e8b465ee728b)  -> (artifact id: '3297f1bff04c6d4e74380929da55fe43') in 0.044667 seconds 
========================================================================
Received Import Request.
  Time since last request: 0.000672 seconds.
  path: Assets/Mods/Texturas/porta2.jpg
  artifactKey: Guid(1ed6a6824ac3cf44697df92b37a7463d) Importer(815301076,1909f56bfc062723c751e8b465ee728b)
Start importing Assets/Mods/Texturas/porta2.jpg using Guid(1ed6a6824ac3cf44697df92b37a7463d) Importer(815301076,1909f56bfc062723c751e8b465ee728b)  -> (artifact id: 'd7c5357ce4fcaeea76d17612dfd0e961') in 0.022211 seconds 
========================================================================
Received Import Request.
  Time since last request: 0.446829 seconds.
  path: Assets/Mods/Texturas/Textura1.jpg
  artifactKey: Guid(b8b6e4f72df0e32fc98cdb1b2b2b9274) Importer(815301076,1909f56bfc062723c751e8b465ee728b)
Start importing Assets/Mods/Texturas/Textura1.jpg using Guid(b8b6e4f72df0e32fc98cdb1b2b2b9274) Importer(815301076,1909f56bfc062723c751e8b465ee728b)  -> (artifact id: '907239733155ab1bcc92f1e9d795da10') in 0.015977 seconds 
========================================================================
Received Import Request.
  Time since last request: 0.000478 seconds.
  path: Assets/Mods/Texturas/TexturaCaixa.jpg
  artifactKey: Guid(e48390fa58d2e304ca00a319297ccfd8) Importer(815301076,1909f56bfc062723c751e8b465ee728b)
Start importing Assets/Mods/Texturas/TexturaCaixa.jpg using Guid(e48390fa58d2e304ca00a319297ccfd8) Importer(815301076,1909f56bfc062723c751e8b465ee728b)  -> (artifact id: '3200be353752a5333e6099c172c7d6bc') in 0.014095 seconds 
========================================================================
Received Import Request.
  Time since last request: 10.050334 seconds.
  path: Assets/Mods/Texturas/CuboRosa.mat
  artifactKey: Guid(52cb329bc6c285247a7f8e2bc051bed0) Importer(815301076,1909f56bfc062723c751e8b465ee728b)
Start importing Assets/Mods/Texturas/CuboRosa.mat using Guid(52cb329bc6c285247a7f8e2bc051bed0) Importer(815301076,1909f56bfc062723c751e8b465ee728b)  -> (artifact id: 'fefe8d651a046f442f4ffdda8444b753') in 0.037933 seconds 
========================================================================
Received Import Request.
  Time since last request: 79.001062 seconds.
  path: Assets/Mods/Texturas/CuboAzul.mat
  artifactKey: Guid(ec64abf368506474386bc421771e1edb) Importer(815301076,1909f56bfc062723c751e8b465ee728b)
Start importing Assets/Mods/Texturas/CuboAzul.mat using Guid(ec64abf368506474386bc421771e1edb) Importer(815301076,1909f56bfc062723c751e8b465ee728b)  -> (artifact id: 'fadec67351a4f02eb2d33e335731d733') in 0.027801 seconds 
========================================================================
Received Import Request.
  Time since last request: 0.000642 seconds.
  path: Assets/Mods/Texturas/CuboRosa.mat
  artifactKey: Guid(52cb329bc6c285247a7f8e2bc051bed0) Importer(815301076,1909f56bfc062723c751e8b465ee728b)
Start importing Assets/Mods/Texturas/CuboRosa.mat using Guid(52cb329bc6c285247a7f8e2bc051bed0) Importer(815301076,1909f56bfc062723c751e8b465ee728b)  -> (artifact id: '756ece691573e2ba7c362089ef8813de') in 0.018761 seconds 
========================================================================
Received Import Request.
  Time since last request: 35.481900 seconds.
  path: Assets/Mods/Texturas/CuboAzul.mat
  artifactKey: Guid(ec64abf368506474386bc421771e1edb) Importer(815301076,1909f56bfc062723c751e8b465ee728b)
Start importing Assets/Mods/Texturas/CuboAzul.mat using Guid(ec64abf368506474386bc421771e1edb) Importer(815301076,1909f56bfc062723c751e8b465ee728b)  -> (artifact id: 'dbe52bd7ae3f90c9dcd14253fcc2ae85') in 0.017937 seconds 
========================================================================
Received Import Request.
  Time since last request: 0.000363 seconds.
  path: Assets/Mods/Texturas/CuboVerde.mat
  artifactKey: Guid(e2a19c6a001f2904b983f812151410d8) Importer(815301076,1909f56bfc062723c751e8b465ee728b)
Start importing Assets/Mods/Texturas/CuboVerde.mat using Guid(e2a19c6a001f2904b983f812151410d8) Importer(815301076,1909f56bfc062723c751e8b465ee728b)  -> (artifact id: 'e4efb8c8329c4e7a6f6ff605603a9055') in 0.016635 seconds 
========================================================================
Received Import Request.
  Time since last request: 30.236793 seconds.
  path: Assets/Mods/Texturas/CuboAmarelo.mat
  artifactKey: Guid(3c7ac5cf0bf3c7b4c8275202df8a855b) Importer(815301076,1909f56bfc062723c751e8b465ee728b)
Start importing Assets/Mods/Texturas/CuboAmarelo.mat using Guid(3c7ac5cf0bf3c7b4c8275202df8a855b) Importer(815301076,1909f56bfc062723c751e8b465ee728b)  -> (artifact id: 'f9b06a05781fba7edbb7eba602ca5d71') in 0.015038 seconds 
========================================================================
Received Import Request.
  Time since last request: 0.000459 seconds.
  path: Assets/Mods/Texturas/CuboVerde.mat
  artifactKey: Guid(e2a19c6a001f2904b983f812151410d8) Importer(815301076,1909f56bfc062723c751e8b465ee728b)
Start importing Assets/Mods/Texturas/CuboVerde.mat using Guid(e2a19c6a001f2904b983f812151410d8) Importer(815301076,1909f56bfc062723c751e8b465ee728b)  -> (artifact id: '5e71d101ecbf14df0bff0c4ed550b30f') in 0.060221 seconds 
========================================================================
Received Import Request.
  Time since last request: 27.714695 seconds.
  path: Assets/Mods/Texturas/CuboAmarelo.mat
  artifactKey: Guid(3c7ac5cf0bf3c7b4c8275202df8a855b) Importer(815301076,1909f56bfc062723c751e8b465ee728b)
Start importing Assets/Mods/Texturas/CuboAmarelo.mat using Guid(3c7ac5cf0bf3c7b4c8275202df8a855b) Importer(815301076,1909f56bfc062723c751e8b465ee728b)  -> (artifact id: '651ed157f9063279b1435ba389be1603') in 0.020303 seconds 
========================================================================
Received Import Request.
  Time since last request: 0.000375 seconds.
  path: Assets/Mods/Texturas/CuboVermelho.mat
  artifactKey: Guid(2fddf815fd1615644a71e31146d7e3c0) Importer(815301076,1909f56bfc062723c751e8b465ee728b)
Start importing Assets/Mods/Texturas/CuboVermelho.mat using Guid(2fddf815fd1615644a71e31146d7e3c0) Importer(815301076,1909f56bfc062723c751e8b465ee728b)  -> (artifact id: '66324c2a7d74143323acbb8382728e6f') in 0.016072 seconds 
========================================================================
Received Import Request.
  Time since last request: 13.852335 seconds.
  path: Assets/Mods/Texturas/CuboVermelho.mat
  artifactKey: Guid(2fddf815fd1615644a71e31146d7e3c0) Importer(815301076,1909f56bfc062723c751e8b465ee728b)
Start importing Assets/Mods/Texturas/CuboVermelho.mat using Guid(2fddf815fd1615644a71e31146d7e3c0) Importer(815301076,1909f56bfc062723c751e8b465ee728b)  -> (artifact id: '1b46af8b804e8ea1cd2fc62a459d9925') in 0.035848 seconds 
========================================================================
Received Prepare
Registering precompiled user dll's ...
Registered in 0.012535 seconds.
Begin MonoManager ReloadAssembly
Native extension for WindowsStandalone target not found
Refreshing native plugins compatible for Editor in 1.44 ms, found 2 plugins.
Preloading 0 native plugins for Editor in 0.00 ms.
Mono: successfully reloaded assembly
- Completed reload, in  1.680 seconds
Domain Reload Profiling:
	ReloadAssembly (1681ms)
		BeginReloadAssembly (226ms)
			ExecutionOrderSort (0ms)
			DisableScriptedObjects (9ms)
			BackupInstance (0ms)
			ReleaseScriptingObjects (0ms)
			CreateAndSetChildDomain (57ms)
		EndReloadAssembly (1390ms)
			LoadAssemblies (230ms)
			RebuildTransferFunctionScriptingTraits (0ms)
			SetupTypeCache (431ms)
			ReleaseScriptCaches (2ms)
			RebuildScriptCaches (59ms)
			SetupLoadedEditorAssemblies (518ms)
				LogAssemblyErrors (0ms)
				InitializePlatformSupportModulesInManaged (4ms)
				SetLoadedEditorAssemblies (1ms)
				RefreshPlugins (2ms)
				BeforeProcessingInitializeOnLoad (136ms)
				ProcessInitializeOnLoadAttributes (294ms)
				ProcessInitializeOnLoadMethodAttributes (80ms)
				AfterProcessingInitializeOnLoad (3ms)
				EditorAssembliesLoaded (0ms)
			ExecutionOrderSort2 (0ms)
			AwakeInstancesAfterBackupRestoration (18ms)
Platform modules already initialized, skipping
Refreshing native plugins compatible for Editor in 1.45 ms, found 2 plugins.
Preloading 0 native plugins for Editor in 0.00 ms.
Unloading 4095 Unused Serialized files (Serialized files now loaded: 0)
System memory in use before: 191.6 MB.
System memory in use after: 191.8 MB.

Unloading 55 unused Assets to reduce memory usage. Loaded Objects now: 4843.
Total: 7.772900 ms (FindLiveObjects: 0.340600 ms CreateObjectMapping: 0.320300 ms MarkObjects: 6.936200 ms  DeleteObjects: 0.174500 ms)

AssetImportParameters requested are different than current active one (requested -> active):
  custom:framework-win-MediaFoundation: 216162199b28c13a410421893ffa2e32 -> 
  custom:video-decoder-ogg-theora: a1e56fd34408186e4bbccfd4996cb3dc -> 
  custom:container-muxer-webm: aa71ff27fc2769a1b78a27578f13a17b -> 
  custom:container-demuxer-webm: 4f35f7cbe854078d1ac9338744f61a02 -> 
  custom:container-demuxer-ogg: 62fdf1f143b41e24485cea50d1cbac27 -> 
  custom:video-encoder-webm-vp8: eb34c28f22e8b96e1ab97ce403110664 -> 
  custom:video-codec-MediaFoundation-h265: 746d11721c4dcdbdad8f713fa42b33f4 -> 
  custom:video-decoder-webm-vp8: 9c59270c3fd7afecdb556c50c9e8de78 -> 
  custom:audio-decoder-ogg-vorbis: bf7c407c2cedff20999df2af8eb42d56 -> 
  custom:audio-encoder-webm-vorbis: bf7c407c2cedff20999df2af8eb42d56 -> 
========================================================================
Received Import Request.
  Time since last request: 157.615372 seconds.
  path: Assets/New Terrain.asset
  artifactKey: Guid(c641a123e23f40e48825b4291e493771) Importer(815301076,1909f56bfc062723c751e8b465ee728b)
Start importing Assets/New Terrain.asset using Guid(c641a123e23f40e48825b4291e493771) Importer(815301076,1909f56bfc062723c751e8b465ee728b) The tree single must use the Nature/Soft Occlusion shader. Otherwise billboarding/lighting will not work correctly.
The tree Plant_5 must use the Nature/Soft Occlusion shader. Otherwise billboarding/lighting will not work correctly.
The tree Plant_5 must use the Nature/Soft Occlusion shader. Otherwise billboarding/lighting will not work correctly.
The tree arvore3 couldn't be instanced because the prefab contains no valid mesh renderer.
The tree Rock_2 must use the Nature/Soft Occlusion shader. Otherwise billboarding/lighting will not work correctly.
The tree Rock_4 must use the Nature/Soft Occlusion shader. Otherwise billboarding/lighting will not work correctly.
 -> (artifact id: 'f47c3987e1c692ef27f139e549a21224') in 0.474086 seconds 
AssetImportWorkerClient::OnTransportError - code=2 error=End of file
